#
# There is insufficient memory for the Java Runtime Environment to continue.
# Native memory allocation (malloc) failed to allocate 459728 bytes for Chunk::new
# Possible reasons:
#   The system is out of physical RAM or swap space
#   The process is running with CompressedOops enabled, and the Java Heap may be blocking the growth of the native heap
# Possible solutions:
#   Reduce memory load on the system
#   Increase physical memory or swap space
#   Check if swap backing store is full
#   Decrease Java heap size (-Xmx/-Xms)
#   Decrease number of Java threads
#   Decrease Java thread stack sizes (-Xss)
#   Set larger code cache with -XX:ReservedCodeCacheSize=
#   JVM is running with Unscaled Compressed Oops mode in which the Java heap is
#     placed in the first 4GB address space. The Java Heap base address is the
#     maximum limit for the native heap growth. Please use -XX:HeapBaseMinAddress
#     to set the Java Heap base and to place the Java Heap above 4GB virtual address.
# This output file may be truncated or incomplete.
#
#  Out of Memory Error (arena.cpp:189), pid=10428, tid=23568
#
# JRE version: Java(TM) SE Runtime Environment (17.0.12+8) (build 17.0.12+8-LTS-286)
# Java VM: Java HotSpot(TM) 64-Bit Server VM (17.0.12+8-LTS-286, mixed mode, sharing, tiered, compressed oops, compressed class ptrs, g1 gc, windows-amd64)
# No core dump will be written. Minidumps are not enabled by default on client versions of Windows
#

---------------  S U M M A R Y ------------

Command Line: -Dmaven.home=EMBEDDED -Dclassworlds.conf=C:\Users\91630\Downloads\Music-Project\.metadata\.plugins\org.eclipse.m2e.launching\launches\m2conf14789431556072292855.tmp -Dmaven.multiModuleProjectDirectory=C:\Users\91630\Downloads\Music-Project\MyMusic -Dm2e.build.project.data.socket.port=50195 -Dfile.encoding=UTF-8 -Dstdout.encoding=UTF-8 -Dstderr.encoding=UTF-8 -XX:+ShowCodeDetailsInExceptionMessages org.codehaus.plexus.classworlds.launcher.Launcher -Ppom.xml -B -Dstyle.color=always clean

Host: 11th Gen Intel(R) Core(TM) i3-1115G4 @ 3.00GHz, 4 cores, 7G,  Windows 11 , 64 bit Build 22621 (10.0.22621.5415)
Time: Mon Apr  6 20:06:49 2026 India Standard Time elapsed time: 1.455641 seconds (0d 0h 0m 1s)

---------------  T H R E A D  ---------------

Current thread (0x000001cfcd984cf0):  JavaThread "C2 CompilerThread0" daemon [_thread_in_native, id=23568, stack(0x00000043b9300000,0x00000043b9400000)]


Current CompileTask:
C2:   1456 1335       4       jdk.internal.loader.URLClassPath::getResource (74 bytes)

Stack: [0x00000043b9300000,0x00000043b9400000]
Native frames: (J=compiled Java code, j=interpreted, Vv=VM code, C=native code)
V  [jvm.dll+0x67a04a]
V  [jvm.dll+0x7da4ed]
V  [jvm.dll+0x7dbe33]
V  [jvm.dll+0x7dc4a3]
V  [jvm.dll+0x24508f]
V  [jvm.dll+0xab773]
V  [jvm.dll+0xabd3c]
V  [jvm.dll+0x361bee]
V  [jvm.dll+0x32c431]
V  [jvm.dll+0x32b8ca]
V  [jvm.dll+0x21683f]
V  [jvm.dll+0x215c6f]
V  [jvm.dll+0x1a2960]
V  [jvm.dll+0x22610b]
V  [jvm.dll+0x2242ab]
V  [jvm.dll+0x79075c]
V  [jvm.dll+0x78abea]
V  [jvm.dll+0x678f35]
C  [ucrtbase.dll+0x29333]
C  [KERNEL32.DLL+0x1259d]
C  [ntdll.dll+0x5af78]


---------------  P R O C E S S  ---------------

Threads class SMR info:
_java_thread_list=0x000001d013051ea0, length=12, elements={
0x000001cfb02734c0, 0x000001cfcd963aa0, 0x000001cfcd966f90, 0x000001cfcd974620,
0x000001cfcd974fe0, 0x000001cfcd978150, 0x000001cfcd979b20, 0x000001cfcd984cf0,
0x000001cfcd9857a0, 0x000001cfcd99a0e0, 0x000001cfcdbea330, 0x000001cfcdc02ce0
}

Java Threads: ( => current thread )
  0x000001cfb02734c0 JavaThread "main" [_thread_in_vm, id=25248, stack(0x00000043b8600000,0x00000043b8700000)]
  0x000001cfcd963aa0 JavaThread "Reference Handler" daemon [_thread_blocked, id=46332, stack(0x00000043b8d00000,0x00000043b8e00000)]
  0x000001cfcd966f90 JavaThread "Finalizer" daemon [_thread_blocked, id=29456, stack(0x00000043b8e00000,0x00000043b8f00000)]
  0x000001cfcd974620 JavaThread "Signal Dispatcher" daemon [_thread_blocked, id=8752, stack(0x00000043b8f00000,0x00000043b9000000)]
  0x000001cfcd974fe0 JavaThread "Attach Listener" daemon [_thread_blocked, id=26196, stack(0x00000043b9000000,0x00000043b9100000)]
  0x000001cfcd978150 JavaThread "Service Thread" daemon [_thread_blocked, id=26280, stack(0x00000043b9100000,0x00000043b9200000)]
  0x000001cfcd979b20 JavaThread "Monitor Deflation Thread" daemon [_thread_blocked, id=14856, stack(0x00000043b9200000,0x00000043b9300000)]
=>0x000001cfcd984cf0 JavaThread "C2 CompilerThread0" daemon [_thread_in_native, id=23568, stack(0x00000043b9300000,0x00000043b9400000)]
  0x000001cfcd9857a0 JavaThread "C1 CompilerThread0" daemon [_thread_blocked, id=44480, stack(0x00000043b9400000,0x00000043b9500000)]
  0x000001cfcd99a0e0 JavaThread "Sweeper thread" daemon [_thread_blocked, id=15140, stack(0x00000043b9500000,0x00000043b9600000)]
  0x000001cfcdbea330 JavaThread "Notification Thread" daemon [_thread_blocked, id=41820, stack(0x00000043b9600000,0x00000043b9700000)]
  0x000001cfcdc02ce0 JavaThread "Common-Cleaner" daemon [_thread_blocked, id=39976, stack(0x00000043b9800000,0x00000043b9900000)]

Other Threads:
  0x000001cfcd95f550 VMThread "VM Thread" [stack: 0x00000043b8c00000,0x00000043b8d00000] [id=44308]
  0x000001cfcdbf6470 WatcherThread [stack: 0x00000043b9700000,0x00000043b9800000] [id=46508]
  0x000001cfb02cc470 GCTaskThread "GC Thread#0" [stack: 0x00000043b8700000,0x00000043b8800000] [id=13464]
  0x000001d0134527a0 GCTaskThread "GC Thread#1" [stack: 0x00000043b9900000,0x00000043b9a00000] [id=7284]
  0x000001d0134582b0 GCTaskThread "GC Thread#2" [stack: 0x00000043b9a00000,0x00000043b9b00000] [id=36376]
  0x000001d0134d70c0 GCTaskThread "GC Thread#3" [stack: 0x00000043b9b00000,0x00000043b9c00000] [id=22392]
  0x000001cfb02dcb80 ConcurrentGCThread "G1 Main Marker" [stack: 0x00000043b8800000,0x00000043b8900000] [id=16576]
  0x000001cfb02de5a0 ConcurrentGCThread "G1 Conc#0" [stack: 0x00000043b8900000,0x00000043b8a00000] [id=13492]
  0x000001cfcd810090 ConcurrentGCThread "G1 Refine#0" [stack: 0x00000043b8a00000,0x00000043b8b00000] [id=40548]
  0x000001d0136333c0 ConcurrentGCThread "G1 Refine#1" [stack: 0x00000043b9c00000,0x00000043b9d00000] [id=40992]
  0x000001cfcd8118e0 ConcurrentGCThread "G1 Service" [stack: 0x00000043b8b00000,0x00000043b8c00000] [id=34192]

Threads with active compile tasks:
C2 CompilerThread0     1493 1335       4       jdk.internal.loader.URLClassPath::getResource (74 bytes)
C1 CompilerThread0     1493 1381       3       jdk.internal.reflect.UTF8::utf8Length (81 bytes)

VM state: not at safepoint (normal execution)

VM Mutex/Monitor currently owned by a thread: None

Heap address: 0x0000000084200000, size: 1982 MB, Compressed Oops mode: 32-bit

CDS archive(s) mapped at: [0x000001cfce000000-0x000001cfcebd0000-0x000001cfcebd0000), size 12386304, SharedBaseAddress: 0x000001cfce000000, ArchiveRelocationMode: 1.
Compressed class space mapped at: 0x000001cfcf000000-0x000001d00f000000, reserved size: 1073741824
Narrow klass base: 0x000001cfce000000, Narrow klass shift: 0, Narrow klass range: 0x100000000

GC Precious Log:
 CPUs: 4 total, 4 available
 Memory: 7926M
 Large Page Support: Disabled
 NUMA Support: Disabled
 Compressed Oops: Enabled (32-bit)
 Heap Region Size: 1M
 Heap Min Capacity: 8M
 Heap Initial Capacity: 124M
 Heap Max Capacity: 1982M
 Pre-touch: Disabled
 Parallel Workers: 4
 Concurrent Workers: 1
 Concurrent Refinement Workers: 4
 Periodic GC: Disabled

Heap:
 garbage-first heap   total 126976K, used 14905K [0x0000000084200000, 0x0000000100000000)
  region size 1024K, 12 young (12288K), 1 survivors (1024K)
 Metaspace       used 8360K, committed 8512K, reserved 1114112K
  class space    used 962K, committed 1024K, reserved 1048576K

Heap Regions: E=young(eden), S=young(survivor), O=old, HS=humongous(starts), HC=humongous(continues), CS=collection set, F=free, OA=open archive, CA=closed archive, TAMS=top-at-mark-start (previous, next)
|   0|0x0000000084200000, 0x0000000084300000, 0x0000000084300000|100%| O|  |TAMS 0x0000000084200000, 0x0000000084200000| Untracked 
|   1|0x0000000084300000, 0x0000000084400000, 0x0000000084400000|100%| O|  |TAMS 0x0000000084300000, 0x0000000084300000| Untracked 
|   2|0x0000000084400000, 0x0000000084500000, 0x0000000084500000|100%| O|  |TAMS 0x0000000084400000, 0x0000000084400000| Untracked 
|   3|0x0000000084500000, 0x00000000845f6000, 0x0000000084600000| 96%| O|  |TAMS 0x0000000084500000, 0x0000000084500000| Untracked 
|   4|0x0000000084600000, 0x0000000084600000, 0x0000000084700000|  0%| F|  |TAMS 0x0000000084600000, 0x0000000084600000| Untracked 
|   5|0x0000000084700000, 0x0000000084700000, 0x0000000084800000|  0%| F|  |TAMS 0x0000000084700000, 0x0000000084700000| Untracked 
|   6|0x0000000084800000, 0x0000000084800000, 0x0000000084900000|  0%| F|  |TAMS 0x0000000084800000, 0x0000000084800000| Untracked 
|   7|0x0000000084900000, 0x0000000084900000, 0x0000000084a00000|  0%| F|  |TAMS 0x0000000084900000, 0x0000000084900000| Untracked 
|   8|0x0000000084a00000, 0x0000000084a00000, 0x0000000084b00000|  0%| F|  |TAMS 0x0000000084a00000, 0x0000000084a00000| Untracked 
|   9|0x0000000084b00000, 0x0000000084b00000, 0x0000000084c00000|  0%| F|  |TAMS 0x0000000084b00000, 0x0000000084b00000| Untracked 
|  10|0x0000000084c00000, 0x0000000084c00000, 0x0000000084d00000|  0%| F|  |TAMS 0x0000000084c00000, 0x0000000084c00000| Untracked 
|  11|0x0000000084d00000, 0x0000000084d00000, 0x0000000084e00000|  0%| F|  |TAMS 0x0000000084d00000, 0x0000000084d00000| Untracked 
|  12|0x0000000084e00000, 0x0000000084e00000, 0x0000000084f00000|  0%| F|  |TAMS 0x0000000084e00000, 0x0000000084e00000| Untracked 
|  13|0x0000000084f00000, 0x0000000084f00000, 0x0000000085000000|  0%| F|  |TAMS 0x0000000084f00000, 0x0000000084f00000| Untracked 
|  14|0x0000000085000000, 0x0000000085000000, 0x0000000085100000|  0%| F|  |TAMS 0x0000000085000000, 0x0000000085000000| Untracked 
|  15|0x0000000085100000, 0x0000000085100000, 0x0000000085200000|  0%| F|  |TAMS 0x0000000085100000, 0x0000000085100000| Untracked 
|  16|0x0000000085200000, 0x0000000085200000, 0x0000000085300000|  0%| F|  |TAMS 0x0000000085200000, 0x0000000085200000| Untracked 
|  17|0x0000000085300000, 0x0000000085300000, 0x0000000085400000|  0%| F|  |TAMS 0x0000000085300000, 0x0000000085300000| Untracked 
|  18|0x0000000085400000, 0x0000000085400000, 0x0000000085500000|  0%| F|  |TAMS 0x0000000085400000, 0x0000000085400000| Untracked 
|  19|0x0000000085500000, 0x0000000085500000, 0x0000000085600000|  0%| F|  |TAMS 0x0000000085500000, 0x0000000085500000| Untracked 
|  20|0x0000000085600000, 0x0000000085600000, 0x0000000085700000|  0%| F|  |TAMS 0x0000000085600000, 0x0000000085600000| Untracked 
|  21|0x0000000085700000, 0x0000000085700000, 0x0000000085800000|  0%| F|  |TAMS 0x0000000085700000, 0x0000000085700000| Untracked 
|  22|0x0000000085800000, 0x0000000085800000, 0x0000000085900000|  0%| F|  |TAMS 0x0000000085800000, 0x0000000085800000| Untracked 
|  23|0x0000000085900000, 0x0000000085900000, 0x0000000085a00000|  0%| F|  |TAMS 0x0000000085900000, 0x0000000085900000| Untracked 
|  24|0x0000000085a00000, 0x0000000085a00000, 0x0000000085b00000|  0%| F|  |TAMS 0x0000000085a00000, 0x0000000085a00000| Untracked 
|  25|0x0000000085b00000, 0x0000000085b00000, 0x0000000085c00000|  0%| F|  |TAMS 0x0000000085b00000, 0x0000000085b00000| Untracked 
|  26|0x0000000085c00000, 0x0000000085c00000, 0x0000000085d00000|  0%| F|  |TAMS 0x0000000085c00000, 0x0000000085c00000| Untracked 
|  27|0x0000000085d00000, 0x0000000085d00000, 0x0000000085e00000|  0%| F|  |TAMS 0x0000000085d00000, 0x0000000085d00000| Untracked 
|  28|0x0000000085e00000, 0x0000000085e00000, 0x0000000085f00000|  0%| F|  |TAMS 0x0000000085e00000, 0x0000000085e00000| Untracked 
|  29|0x0000000085f00000, 0x0000000085f00000, 0x0000000086000000|  0%| F|  |TAMS 0x0000000085f00000, 0x0000000085f00000| Untracked 
|  30|0x0000000086000000, 0x0000000086000000, 0x0000000086100000|  0%| F|  |TAMS 0x0000000086000000, 0x0000000086000000| Untracked 
|  31|0x0000000086100000, 0x0000000086100000, 0x0000000086200000|  0%| F|  |TAMS 0x0000000086100000, 0x0000000086100000| Untracked 
|  32|0x0000000086200000, 0x0000000086200000, 0x0000000086300000|  0%| F|  |TAMS 0x0000000086200000, 0x0000000086200000| Untracked 
|  33|0x0000000086300000, 0x0000000086300000, 0x0000000086400000|  0%| F|  |TAMS 0x0000000086300000, 0x0000000086300000| Untracked 
|  34|0x0000000086400000, 0x0000000086400000, 0x0000000086500000|  0%| F|  |TAMS 0x0000000086400000, 0x0000000086400000| Untracked 
|  35|0x0000000086500000, 0x0000000086500000, 0x0000000086600000|  0%| F|  |TAMS 0x0000000086500000, 0x0000000086500000| Untracked 
|  36|0x0000000086600000, 0x0000000086600000, 0x0000000086700000|  0%| F|  |TAMS 0x0000000086600000, 0x0000000086600000| Untracked 
|  37|0x0000000086700000, 0x0000000086700000, 0x0000000086800000|  0%| F|  |TAMS 0x0000000086700000, 0x0000000086700000| Untracked 
|  38|0x0000000086800000, 0x0000000086800000, 0x0000000086900000|  0%| F|  |TAMS 0x0000000086800000, 0x0000000086800000| Untracked 
|  39|0x0000000086900000, 0x0000000086900000, 0x0000000086a00000|  0%| F|  |TAMS 0x0000000086900000, 0x0000000086900000| Untracked 
|  40|0x0000000086a00000, 0x0000000086a00000, 0x0000000086b00000|  0%| F|  |TAMS 0x0000000086a00000, 0x0000000086a00000| Untracked 
|  41|0x0000000086b00000, 0x0000000086b00000, 0x0000000086c00000|  0%| F|  |TAMS 0x0000000086b00000, 0x0000000086b00000| Untracked 
|  42|0x0000000086c00000, 0x0000000086c00000, 0x0000000086d00000|  0%| F|  |TAMS 0x0000000086c00000, 0x0000000086c00000| Untracked 
|  43|0x0000000086d00000, 0x0000000086d00000, 0x0000000086e00000|  0%| F|  |TAMS 0x0000000086d00000, 0x0000000086d00000| Untracked 
|  44|0x0000000086e00000, 0x0000000086e00000, 0x0000000086f00000|  0%| F|  |TAMS 0x0000000086e00000, 0x0000000086e00000| Untracked 
|  45|0x0000000086f00000, 0x0000000086f00000, 0x0000000087000000|  0%| F|  |TAMS 0x0000000086f00000, 0x0000000086f00000| Untracked 
|  46|0x0000000087000000, 0x0000000087000000, 0x0000000087100000|  0%| F|  |TAMS 0x0000000087000000, 0x0000000087000000| Untracked 
|  47|0x0000000087100000, 0x0000000087100000, 0x0000000087200000|  0%| F|  |TAMS 0x0000000087100000, 0x0000000087100000| Untracked 
|  48|0x0000000087200000, 0x0000000087200000, 0x0000000087300000|  0%| F|  |TAMS 0x0000000087200000, 0x0000000087200000| Untracked 
|  49|0x0000000087300000, 0x0000000087300000, 0x0000000087400000|  0%| F|  |TAMS 0x0000000087300000, 0x0000000087300000| Untracked 
|  50|0x0000000087400000, 0x0000000087400000, 0x0000000087500000|  0%| F|  |TAMS 0x0000000087400000, 0x0000000087400000| Untracked 
|  51|0x0000000087500000, 0x0000000087500000, 0x0000000087600000|  0%| F|  |TAMS 0x0000000087500000, 0x0000000087500000| Untracked 
|  52|0x0000000087600000, 0x0000000087600000, 0x0000000087700000|  0%| F|  |TAMS 0x0000000087600000, 0x0000000087600000| Untracked 
|  53|0x0000000087700000, 0x0000000087700000, 0x0000000087800000|  0%| F|  |TAMS 0x0000000087700000, 0x0000000087700000| Untracked 
|  54|0x0000000087800000, 0x0000000087800000, 0x0000000087900000|  0%| F|  |TAMS 0x0000000087800000, 0x0000000087800000| Untracked 
|  55|0x0000000087900000, 0x0000000087900000, 0x0000000087a00000|  0%| F|  |TAMS 0x0000000087900000, 0x0000000087900000| Untracked 
|  56|0x0000000087a00000, 0x0000000087a00000, 0x0000000087b00000|  0%| F|  |TAMS 0x0000000087a00000, 0x0000000087a00000| Untracked 
|  57|0x0000000087b00000, 0x0000000087b00000, 0x0000000087c00000|  0%| F|  |TAMS 0x0000000087b00000, 0x0000000087b00000| Untracked 
|  58|0x0000000087c00000, 0x0000000087c00000, 0x0000000087d00000|  0%| F|  |TAMS 0x0000000087c00000, 0x0000000087c00000| Untracked 
|  59|0x0000000087d00000, 0x0000000087d00000, 0x0000000087e00000|  0%| F|  |TAMS 0x0000000087d00000, 0x0000000087d00000| Untracked 
|  60|0x0000000087e00000, 0x0000000087e00000, 0x0000000087f00000|  0%| F|  |TAMS 0x0000000087e00000, 0x0000000087e00000| Untracked 
|  61|0x0000000087f00000, 0x0000000087f00000, 0x0000000088000000|  0%| F|  |TAMS 0x0000000087f00000, 0x0000000087f00000| Untracked 
|  62|0x0000000088000000, 0x0000000088000000, 0x0000000088100000|  0%| F|  |TAMS 0x0000000088000000, 0x0000000088000000| Untracked 
|  63|0x0000000088100000, 0x0000000088100000, 0x0000000088200000|  0%| F|  |TAMS 0x0000000088100000, 0x0000000088100000| Untracked 
|  64|0x0000000088200000, 0x0000000088200000, 0x0000000088300000|  0%| F|  |TAMS 0x0000000088200000, 0x0000000088200000| Untracked 
|  65|0x0000000088300000, 0x0000000088300000, 0x0000000088400000|  0%| F|  |TAMS 0x0000000088300000, 0x0000000088300000| Untracked 
|  66|0x0000000088400000, 0x0000000088400000, 0x0000000088500000|  0%| F|  |TAMS 0x0000000088400000, 0x0000000088400000| Untracked 
|  67|0x0000000088500000, 0x0000000088500000, 0x0000000088600000|  0%| F|  |TAMS 0x0000000088500000, 0x0000000088500000| Untracked 
|  68|0x0000000088600000, 0x0000000088600000, 0x0000000088700000|  0%| F|  |TAMS 0x0000000088600000, 0x0000000088600000| Untracked 
|  69|0x0000000088700000, 0x0000000088700000, 0x0000000088800000|  0%| F|  |TAMS 0x0000000088700000, 0x0000000088700000| Untracked 
|  70|0x0000000088800000, 0x0000000088800000, 0x0000000088900000|  0%| F|  |TAMS 0x0000000088800000, 0x0000000088800000| Untracked 
|  71|0x0000000088900000, 0x0000000088900000, 0x0000000088a00000|  0%| F|  |TAMS 0x0000000088900000, 0x0000000088900000| Untracked 
|  72|0x0000000088a00000, 0x0000000088a00000, 0x0000000088b00000|  0%| F|  |TAMS 0x0000000088a00000, 0x0000000088a00000| Untracked 
|  73|0x0000000088b00000, 0x0000000088b00000, 0x0000000088c00000|  0%| F|  |TAMS 0x0000000088b00000, 0x0000000088b00000| Untracked 
|  74|0x0000000088c00000, 0x0000000088c00000, 0x0000000088d00000|  0%| F|  |TAMS 0x0000000088c00000, 0x0000000088c00000| Untracked 
|  75|0x0000000088d00000, 0x0000000088d00000, 0x0000000088e00000|  0%| F|  |TAMS 0x0000000088d00000, 0x0000000088d00000| Untracked 
|  76|0x0000000088e00000, 0x0000000088e00000, 0x0000000088f00000|  0%| F|  |TAMS 0x0000000088e00000, 0x0000000088e00000| Untracked 
|  77|0x0000000088f00000, 0x0000000088f00000, 0x0000000089000000|  0%| F|  |TAMS 0x0000000088f00000, 0x0000000088f00000| Untracked 
|  78|0x0000000089000000, 0x0000000089000000, 0x0000000089100000|  0%| F|  |TAMS 0x0000000089000000, 0x0000000089000000| Untracked 
|  79|0x0000000089100000, 0x0000000089100000, 0x0000000089200000|  0%| F|  |TAMS 0x0000000089100000, 0x0000000089100000| Untracked 
|  80|0x0000000089200000, 0x0000000089200000, 0x0000000089300000|  0%| F|  |TAMS 0x0000000089200000, 0x0000000089200000| Untracked 
|  81|0x0000000089300000, 0x0000000089300000, 0x0000000089400000|  0%| F|  |TAMS 0x0000000089300000, 0x0000000089300000| Untracked 
|  82|0x0000000089400000, 0x0000000089400000, 0x0000000089500000|  0%| F|  |TAMS 0x0000000089400000, 0x0000000089400000| Untracked 
|  83|0x0000000089500000, 0x0000000089500000, 0x0000000089600000|  0%| F|  |TAMS 0x0000000089500000, 0x0000000089500000| Untracked 
|  84|0x0000000089600000, 0x0000000089600000, 0x0000000089700000|  0%| F|  |TAMS 0x0000000089600000, 0x0000000089600000| Untracked 
|  85|0x0000000089700000, 0x0000000089700000, 0x0000000089800000|  0%| F|  |TAMS 0x0000000089700000, 0x0000000089700000| Untracked 
|  86|0x0000000089800000, 0x0000000089800000, 0x0000000089900000|  0%| F|  |TAMS 0x0000000089800000, 0x0000000089800000| Untracked 
|  87|0x0000000089900000, 0x0000000089900000, 0x0000000089a00000|  0%| F|  |TAMS 0x0000000089900000, 0x0000000089900000| Untracked 
|  88|0x0000000089a00000, 0x0000000089a00000, 0x0000000089b00000|  0%| F|  |TAMS 0x0000000089a00000, 0x0000000089a00000| Untracked 
|  89|0x0000000089b00000, 0x0000000089b00000, 0x0000000089c00000|  0%| F|  |TAMS 0x0000000089b00000, 0x0000000089b00000| Untracked 
|  90|0x0000000089c00000, 0x0000000089c00000, 0x0000000089d00000|  0%| F|  |TAMS 0x0000000089c00000, 0x0000000089c00000| Untracked 
|  91|0x0000000089d00000, 0x0000000089d00000, 0x0000000089e00000|  0%| F|  |TAMS 0x0000000089d00000, 0x0000000089d00000| Untracked 
|  92|0x0000000089e00000, 0x0000000089e00000, 0x0000000089f00000|  0%| F|  |TAMS 0x0000000089e00000, 0x0000000089e00000| Untracked 
|  93|0x0000000089f00000, 0x0000000089f00000, 0x000000008a000000|  0%| F|  |TAMS 0x0000000089f00000, 0x0000000089f00000| Untracked 
|  94|0x000000008a000000, 0x000000008a000000, 0x000000008a100000|  0%| F|  |TAMS 0x000000008a000000, 0x000000008a000000| Untracked 
|  95|0x000000008a100000, 0x000000008a100000, 0x000000008a200000|  0%| F|  |TAMS 0x000000008a100000, 0x000000008a100000| Untracked 
|  96|0x000000008a200000, 0x000000008a200000, 0x000000008a300000|  0%| F|  |TAMS 0x000000008a200000, 0x000000008a200000| Untracked 
|  97|0x000000008a300000, 0x000000008a300000, 0x000000008a400000|  0%| F|  |TAMS 0x000000008a300000, 0x000000008a300000| Untracked 
|  98|0x000000008a400000, 0x000000008a400000, 0x000000008a500000|  0%| F|  |TAMS 0x000000008a400000, 0x000000008a400000| Untracked 
|  99|0x000000008a500000, 0x000000008a500000, 0x000000008a600000|  0%| F|  |TAMS 0x000000008a500000, 0x000000008a500000| Untracked 
| 100|0x000000008a600000, 0x000000008a600000, 0x000000008a700000|  0%| F|  |TAMS 0x000000008a600000, 0x000000008a600000| Untracked 
| 101|0x000000008a700000, 0x000000008a700000, 0x000000008a800000|  0%| F|  |TAMS 0x000000008a700000, 0x000000008a700000| Untracked 
| 102|0x000000008a800000, 0x000000008a800000, 0x000000008a900000|  0%| F|  |TAMS 0x000000008a800000, 0x000000008a800000| Untracked 
| 103|0x000000008a900000, 0x000000008a900000, 0x000000008aa00000|  0%| F|  |TAMS 0x000000008a900000, 0x000000008a900000| Untracked 
| 104|0x000000008aa00000, 0x000000008aa00000, 0x000000008ab00000|  0%| F|  |TAMS 0x000000008aa00000, 0x000000008aa00000| Untracked 
| 105|0x000000008ab00000, 0x000000008ab00000, 0x000000008ac00000|  0%| F|  |TAMS 0x000000008ab00000, 0x000000008ab00000| Untracked 
| 106|0x000000008ac00000, 0x000000008ac00000, 0x000000008ad00000|  0%| F|  |TAMS 0x000000008ac00000, 0x000000008ac00000| Untracked 
| 107|0x000000008ad00000, 0x000000008ad00000, 0x000000008ae00000|  0%| F|  |TAMS 0x000000008ad00000, 0x000000008ad00000| Untracked 
| 108|0x000000008ae00000, 0x000000008ae00000, 0x000000008af00000|  0%| F|  |TAMS 0x000000008ae00000, 0x000000008ae00000| Untracked 
| 109|0x000000008af00000, 0x000000008af00000, 0x000000008b000000|  0%| F|  |TAMS 0x000000008af00000, 0x000000008af00000| Untracked 
| 110|0x000000008b000000, 0x000000008b000000, 0x000000008b100000|  0%| F|  |TAMS 0x000000008b000000, 0x000000008b000000| Untracked 
| 111|0x000000008b100000, 0x000000008b100000, 0x000000008b200000|  0%| F|  |TAMS 0x000000008b100000, 0x000000008b100000| Untracked 
| 112|0x000000008b200000, 0x000000008b2b6140, 0x000000008b300000| 71%| E|  |TAMS 0x000000008b200000, 0x000000008b200000| Complete 
| 113|0x000000008b300000, 0x000000008b3986c0, 0x000000008b400000| 59%| S|CS|TAMS 0x000000008b300000, 0x000000008b300000| Complete 
| 114|0x000000008b400000, 0x000000008b500000, 0x000000008b500000|100%| E|CS|TAMS 0x000000008b400000, 0x000000008b400000| Complete 
| 115|0x000000008b500000, 0x000000008b600000, 0x000000008b600000|100%| E|CS|TAMS 0x000000008b500000, 0x000000008b500000| Complete 
| 116|0x000000008b600000, 0x000000008b700000, 0x000000008b700000|100%| E|CS|TAMS 0x000000008b600000, 0x000000008b600000| Complete 
| 117|0x000000008b700000, 0x000000008b800000, 0x000000008b800000|100%| E|CS|TAMS 0x000000008b700000, 0x000000008b700000| Complete 
| 118|0x000000008b800000, 0x000000008b900000, 0x000000008b900000|100%| E|CS|TAMS 0x000000008b800000, 0x000000008b800000| Complete 
| 119|0x000000008b900000, 0x000000008ba00000, 0x000000008ba00000|100%| E|CS|TAMS 0x000000008b900000, 0x000000008b900000| Complete 
| 120|0x000000008ba00000, 0x000000008bb00000, 0x000000008bb00000|100%| E|CS|TAMS 0x000000008ba00000, 0x000000008ba00000| Complete 
| 121|0x000000008bb00000, 0x000000008bc00000, 0x000000008bc00000|100%| E|CS|TAMS 0x000000008bb00000, 0x000000008bb00000| Complete 
| 122|0x000000008bc00000, 0x000000008bd00000, 0x000000008bd00000|100%| E|CS|TAMS 0x000000008bc00000, 0x000000008bc00000| Complete 
| 123|0x000000008bd00000, 0x000000008be00000, 0x000000008be00000|100%| E|CS|TAMS 0x000000008bd00000, 0x000000008bd00000| Complete 

Card table byte_map: [0x000001cfc6f10000,0x000001cfc72f0000] _byte_map_base: 0x000001cfc6aef000

Marking Bits (Prev, Next): (CMBitMap*) 0x000001cfb02cca90, (CMBitMap*) 0x000001cfb02ccad0
 Prev Bits: [0x000001cfc76d0000, 0x000001cfc95c8000)
 Next Bits: [0x000001cfc95d0000, 0x000001cfcb4c8000)

Polling page: 0x000001cfafa40000

Metaspace:

Usage:
  Non-class:      7.24 MB used.
      Class:    963.36 KB used.
       Both:      8.18 MB used.

Virtual space:
  Non-class space:       64.00 MB reserved,       7.31 MB ( 11%) committed,  1 nodes.
      Class space:        1.00 GB reserved,       1.00 MB ( <1%) committed,  1 nodes.
             Both:        1.06 GB reserved,       8.31 MB ( <1%) committed. 

Chunk freelists:
   Non-Class:  8.54 MB
       Class:  14.89 MB
        Both:  23.43 MB

MaxMetaspaceSize: unlimited
CompressedClassSpaceSize: 1.00 GB
Initial GC threshold: 21.00 MB
Current GC threshold: 21.00 MB
CDS: on
MetaspaceReclaimPolicy: balanced
 - commit_granule_bytes: 65536.
 - commit_granule_words: 8192.
 - virtual_space_node_default_size: 8388608.
 - enlarge_chunks_in_place: 1.
 - new_chunks_are_fully_committed: 0.
 - uncommit_free_chunks: 1.
 - use_allocation_guard: 0.
 - handle_deallocations: 1.


Internal statistics:

num_allocs_failed_limit: 0.
num_arena_births: 48.
num_arena_deaths: 0.
num_vsnodes_births: 2.
num_vsnodes_deaths: 0.
num_space_committed: 133.
num_space_uncommitted: 0.
num_chunks_returned_to_freelist: 0.
num_chunks_taken_from_freelist: 249.
num_chunk_merges: 0.
num_chunk_splits: 159.
num_chunks_enlarged: 129.
num_inconsistent_stats: 0.

CodeHeap 'non-profiled nmethods': size=120000Kb used=512Kb max_used=512Kb free=119487Kb
 bounds [0x000001cfbf600000, 0x000001cfbf870000, 0x000001cfc6b30000]
CodeHeap 'profiled nmethods': size=120000Kb used=2709Kb max_used=2709Kb free=117290Kb
 bounds [0x000001cfb7b30000, 0x000001cfb7de0000, 0x000001cfbf060000]
CodeHeap 'non-nmethods': size=5760Kb used=1181Kb max_used=1206Kb free=4579Kb
 bounds [0x000001cfbf060000, 0x000001cfbf2d0000, 0x000001cfbf600000]
 total_blobs=1845 nmethods=1380 adapters=378
 compilation: enabled
              stopped_count=0, restarted_count=0
 full_count=0

Compilation events (20 events):
Event: 1.435 Thread 0x000001cfcd9857a0 nmethod 1340 0x000001cfbf67d390 code [0x000001cfbf67d520, 0x000001cfbf67d5f8]
Event: 1.435 Thread 0x000001cfcd9857a0 1341       1       sun.nio.fs.WindowsPathParser$Result::root (5 bytes)
Event: 1.435 Thread 0x000001cfcd9857a0 nmethod 1341 0x000001cfbf67d690 code [0x000001cfbf67d820, 0x000001cfbf67d8f8]
Event: 1.435 Thread 0x000001cfcd9857a0 1343       3       sun.nio.fs.WindowsFileAttributes::lastModifiedTime (8 bytes)
Event: 1.435 Thread 0x000001cfcd9857a0 nmethod 1343 0x000001cfb7dbea90 code [0x000001cfb7dbec20, 0x000001cfb7dbed68]
Event: 1.435 Thread 0x000001cfcd9857a0 1342       1       sun.nio.fs.WindowsPathParser$Result::path (5 bytes)
Event: 1.435 Thread 0x000001cfcd9857a0 nmethod 1342 0x000001cfbf67d990 code [0x000001cfbf67db20, 0x000001cfbf67dbf8]
Event: 1.442 Thread 0x000001cfcd9857a0 1344       3       jdk.internal.reflect.ClassFileAssembler::emitByte (11 bytes)
Event: 1.442 Thread 0x000001cfcd9857a0 nmethod 1344 0x000001cfb7dbee10 code [0x000001cfb7dbefc0, 0x000001cfb7dbf148]
Event: 1.442 Thread 0x000001cfcd9857a0 1345       3       jdk.internal.reflect.ByteVectorImpl::add (38 bytes)
Event: 1.442 Thread 0x000001cfcd9857a0 nmethod 1345 0x000001cfb7dbf290 code [0x000001cfb7dbf440, 0x000001cfb7dbf608]
Event: 1.444 Thread 0x000001cfcd9857a0 1347       1       sun.nio.fs.WindowsPath::getFileSystem (5 bytes)
Event: 1.444 Thread 0x000001cfcd9857a0 nmethod 1347 0x000001cfbf67dc90 code [0x000001cfbf67de20, 0x000001cfbf67def8]
Event: 1.448 Thread 0x000001cfcd9857a0 1349       3       java.security.AccessController::executePrivileged (65 bytes)
Event: 1.448 Thread 0x000001cfcd9857a0 nmethod 1349 0x000001cfb7dbf710 code [0x000001cfb7dbf8e0, 0x000001cfb7dbfbd8]
Event: 1.451 Thread 0x000001cfcd9857a0 1350       1       java.lang.Class::getAnnotationType (5 bytes)
Event: 1.451 Thread 0x000001cfcd9857a0 nmethod 1350 0x000001cfbf67df90 code [0x000001cfbf67e120, 0x000001cfbf67e1f8]
Event: 1.451 Thread 0x000001cfcd9857a0 1351       1       java.util.Collections$EmptyIterator::hasNext (2 bytes)
Event: 1.451 Thread 0x000001cfcd9857a0 nmethod 1351 0x000001cfbf67e290 code [0x000001cfbf67e420, 0x000001cfbf67e4f8]
Event: 1.451 Thread 0x000001cfcd9857a0 1352   !   3       sun.net.www.ParseUtil::decode (317 bytes)

GC Heap History (4 events):
Event: 0.926 GC heap before
{Heap before GC invocations=0 (full 0):
 garbage-first heap   total 126976K, used 13312K [0x0000000084200000, 0x0000000100000000)
  region size 1024K, 13 young (13312K), 0 survivors (0K)
 Metaspace       used 4979K, committed 5184K, reserved 1114112K
  class space    used 515K, committed 640K, reserved 1048576K
}
Event: 0.934 GC heap after
{Heap after GC invocations=1 (full 0):
 garbage-first heap   total 126976K, used 3794K [0x0000000084200000, 0x0000000100000000)
  region size 1024K, 2 young (2048K), 2 survivors (2048K)
 Metaspace       used 4979K, committed 5184K, reserved 1114112K
  class space    used 515K, committed 640K, reserved 1048576K
}
Event: 1.280 GC heap before
{Heap before GC invocations=1 (full 0):
 garbage-first heap   total 126976K, used 14034K [0x0000000084200000, 0x0000000100000000)
  region size 1024K, 12 young (12288K), 2 survivors (2048K)
 Metaspace       used 7440K, committed 7616K, reserved 1114112K
  class space    used 854K, committed 960K, reserved 1048576K
}
Event: 1.283 GC heap after
{Heap after GC invocations=2 (full 0):
 garbage-first heap   total 126976K, used 4665K [0x0000000084200000, 0x0000000100000000)
  region size 1024K, 1 young (1024K), 1 survivors (1024K)
 Metaspace       used 7440K, committed 7616K, reserved 1114112K
  class space    used 854K, committed 960K, reserved 1048576K
}

Deoptimization events (20 events):
Event: 1.207 Thread 0x000001cfb02734c0 Uncommon trap: trap_request=0xffffffde fr.pc=0x000001cfbf65a034 relative=0x0000000000000114
Event: 1.207 Thread 0x000001cfb02734c0 Uncommon trap: reason=class_check action=maybe_recompile pc=0x000001cfbf65a034 method=jdk.internal.misc.Unsafe.allocateUninitializedArray(Ljava/lang/Class;I)Ljava/lang/Object; @ 51 c2
Event: 1.207 Thread 0x000001cfb02734c0 DEOPT PACKING pc=0x000001cfbf65a034 sp=0x00000043b86fcb40
Event: 1.207 Thread 0x000001cfb02734c0 DEOPT UNPACKING pc=0x000001cfbf0b5ba3 sp=0x00000043b86fcac8 mode 2
Event: 1.207 Thread 0x000001cfb02734c0 Uncommon trap: trap_request=0xffffffde fr.pc=0x000001cfbf65a034 relative=0x0000000000000114
Event: 1.207 Thread 0x000001cfb02734c0 Uncommon trap: reason=class_check action=maybe_recompile pc=0x000001cfbf65a034 method=jdk.internal.misc.Unsafe.allocateUninitializedArray(Ljava/lang/Class;I)Ljava/lang/Object; @ 51 c2
Event: 1.207 Thread 0x000001cfb02734c0 DEOPT PACKING pc=0x000001cfbf65a034 sp=0x00000043b86fcb40
Event: 1.207 Thread 0x000001cfb02734c0 DEOPT UNPACKING pc=0x000001cfbf0b5ba3 sp=0x00000043b86fcac8 mode 2
Event: 1.266 Thread 0x000001cfb02734c0 Uncommon trap: trap_request=0xffffff45 fr.pc=0x000001cfbf65de54 relative=0x0000000000001754
Event: 1.266 Thread 0x000001cfb02734c0 Uncommon trap: reason=unstable_if action=reinterpret pc=0x000001cfbf65de54 method=java.nio.charset.CoderResult.isOverflow()Z @ 5 c2
Event: 1.266 Thread 0x000001cfb02734c0 DEOPT PACKING pc=0x000001cfbf65de54 sp=0x00000043b86fd740
Event: 1.266 Thread 0x000001cfb02734c0 DEOPT UNPACKING pc=0x000001cfbf0b5ba3 sp=0x00000043b86fd460 mode 2
Event: 1.274 Thread 0x000001cfb02734c0 Uncommon trap: trap_request=0xffffff45 fr.pc=0x000001cfbf660fb4 relative=0x00000000000001f4
Event: 1.274 Thread 0x000001cfb02734c0 Uncommon trap: reason=unstable_if action=reinterpret pc=0x000001cfbf660fb4 method=java.io.Reader.read()I @ 12 c2
Event: 1.274 Thread 0x000001cfb02734c0 DEOPT PACKING pc=0x000001cfbf660fb4 sp=0x00000043b86fd830
Event: 1.274 Thread 0x000001cfb02734c0 DEOPT UNPACKING pc=0x000001cfbf0b5ba3 sp=0x00000043b86fd740 mode 2
Event: 1.315 Thread 0x000001cfb02734c0 Uncommon trap: trap_request=0xffffff45 fr.pc=0x000001cfbf661774 relative=0x0000000000000154
Event: 1.315 Thread 0x000001cfb02734c0 Uncommon trap: reason=unstable_if action=reinterpret pc=0x000001cfbf661774 method=java.io.Reader.read()I @ 12 c2
Event: 1.315 Thread 0x000001cfb02734c0 DEOPT PACKING pc=0x000001cfbf661774 sp=0x00000043b86fd660
Event: 1.315 Thread 0x000001cfb02734c0 DEOPT UNPACKING pc=0x000001cfbf0b5ba3 sp=0x00000043b86fd5e8 mode 2

Classes unloaded (0 events):
No events

Classes redefined (0 events):
No events

Internal exceptions (20 events):
Event: 0.518 Thread 0x000001cfb02734c0 Exception <a 'java/lang/NullPointerException'{0x000000008b993de8}> (0x000000008b993de8) 
thrown [s\open\src\hotspot\share\interpreter\linkResolver.cpp, line 1350]
Event: 0.519 Thread 0x000001cfb02734c0 Exception <a 'java/lang/NullPointerException'{0x000000008b9a9c10}> (0x000000008b9a9c10) 
thrown [s\open\src\hotspot\share\interpreter\linkResolver.cpp, line 1350]
Event: 0.519 Thread 0x000001cfb02734c0 Exception <a 'java/lang/NullPointerException'{0x000000008b9a9ee8}> (0x000000008b9a9ee8) 
thrown [s\open\src\hotspot\share\interpreter\linkResolver.cpp, line 1350]
Event: 0.519 Thread 0x000001cfb02734c0 Exception <a 'java/lang/NullPointerException'{0x000000008b9aa1c0}> (0x000000008b9aa1c0) 
thrown [s\open\src\hotspot\share\interpreter\linkResolver.cpp, line 1350]
Event: 0.519 Thread 0x000001cfb02734c0 Exception <a 'java/lang/NullPointerException'{0x000000008b9aa498}> (0x000000008b9aa498) 
thrown [s\open\src\hotspot\share\interpreter\linkResolver.cpp, line 1350]
Event: 0.538 Thread 0x000001cfb02734c0 Exception <a 'java/lang/NoSuchMethodError'{0x000000008b834390}: 'void java.lang.invoke.DirectMethodHandle$Holder.invokeStatic(java.lang.Object, java.lang.Object)'> (0x000000008b834390) 
thrown [s\open\src\hotspot\share\interpreter\linkResolver.cpp, line 759]
Event: 0.538 Thread 0x000001cfb02734c0 Exception <a 'java/lang/NoSuchMethodError'{0x000000008b837ca8}: 'void java.lang.invoke.DirectMethodHandle$Holder.invokeStaticInit(java.lang.Object, java.lang.Object)'> (0x000000008b837ca8) 
thrown [s\open\src\hotspot\share\interpreter\linkResolver.cpp, line 759]
Event: 0.549 Thread 0x000001cfb02734c0 Exception <a 'java/lang/NoSuchMethodError'{0x000000008b885b38}: 'void java.lang.invoke.DirectMethodHandle$Holder.invokeStatic(java.lang.Object, java.lang.Object, java.lang.Object)'> (0x000000008b885b38) 
thrown [s\open\src\hotspot\share\interpreter\linkResolver.cpp, line 759]
Event: 0.573 Thread 0x000001cfb02734c0 Exception <a 'java/lang/NoSuchMethodError'{0x000000008b709c10}: 'int java.lang.invoke.DirectMethodHandle$Holder.invokeStatic(java.lang.Object, java.lang.Object, int)'> (0x000000008b709c10) 
thrown [s\open\src\hotspot\share\interpreter\linkResolver.cpp, line 759]
Event: 0.617 Thread 0x000001cfb02734c0 Exception <a 'java/lang/NullPointerException'{0x000000008b7b7c50}> (0x000000008b7b7c50) 
thrown [s\open\src\hotspot\share\interpreter\linkResolver.cpp, line 1350]
Event: 0.617 Thread 0x000001cfb02734c0 Exception <a 'java/lang/NullPointerException'{0x000000008b7c0210}> (0x000000008b7c0210) 
thrown [s\open\src\hotspot\share\interpreter\linkResolver.cpp, line 1350]
Event: 0.656 Thread 0x000001cfb02734c0 Exception <a 'java/lang/NoSuchMethodError'{0x000000008b6c4050}: 'java.lang.Object java.lang.invoke.DirectMethodHandle$Holder.invokeSpecialIFC(java.lang.Object, java.lang.Object, java.lang.Object, java.lang.Object)'> (0x000000008b6c4050) 
thrown [s\open\src\hotspot\share\interpreter\linkResolver.cpp, line 759]
Event: 0.883 Thread 0x000001cfb02734c0 Implicit null exception at 0x000001cfbf632658 to 0x000001cfbf6326ee
Event: 0.996 Thread 0x000001cfb02734c0 Exception <a 'java/lang/NoSuchMethodError'{0x000000008bb429a8}: 'void java.lang.invoke.DirectMethodHandle$Holder.invokeSpecial(java.lang.Object, java.lang.Object, java.lang.Object)'> (0x000000008bb429a8) 
thrown [s\open\src\hotspot\share\interpreter\linkResolver.cpp, line 759]
Event: 1.031 Thread 0x000001cfb02734c0 Exception <a 'java/lang/NoSuchMethodError'{0x000000008baaa058}: 'java.lang.Object java.lang.invoke.DirectMethodHandle$Holder.invokeInterface(java.lang.Object, java.lang.Object)'> (0x000000008baaa058) 
thrown [s\open\src\hotspot\share\interpreter\linkResolver.cpp, line 759]
Event: 1.046 Thread 0x000001cfb02734c0 Exception <a 'java/lang/NoSuchMethodError'{0x000000008b95a498}: 'java.lang.Object java.lang.invoke.Invokers$Holder.invokeExact_MT(java.lang.Object, java.lang.Object, java.lang.Object, java.lang.Object, java.lang.Object, java.lang.Object)'> (0x000000008b95a498) 
thrown [s\open\src\hotspot\share\interpreter\linkResolver.cpp, line 759]
Event: 1.048 Thread 0x000001cfb02734c0 Exception <a 'java/lang/NoSuchMethodError'{0x000000008b96f1a0}: 'int java.lang.invoke.DirectMethodHandle$Holder.invokeSpecialIFC(java.lang.Object, java.lang.Object, java.lang.Object, java.lang.Object, java.lang.Object)'> (0x000000008b96f1a0) 
thrown [s\open\src\hotspot\share\interpreter\linkResolver.cpp, line 759]
Event: 1.130 Thread 0x000001cfb02734c0 Exception <a 'java/lang/NoSuchMethodError'{0x000000008b721210}: 'java.lang.Object java.lang.invoke.DirectMethodHandle$Holder.newInvokeSpecial(java.lang.Object, java.lang.Object, java.lang.Object, java.lang.Object, java.lang.Object)'> (0x000000008b721210) 
thrown [s\open\src\hotspot\share\interpreter\linkResolver.cpp, line 759]
Event: 1.211 Thread 0x000001cfb02734c0 Exception <a 'java/lang/NoSuchMethodError'{0x000000008b62cde0}: 'int java.lang.invoke.DirectMethodHandle$Holder.invokeStaticInit(java.lang.Object, java.lang.Object)'> (0x000000008b62cde0) 
thrown [s\open\src\hotspot\share\interpreter\linkResolver.cpp, line 759]
Event: 1.222 Thread 0x000001cfb02734c0 Exception <a 'java/lang/NoClassDefFoundError'{0x000000008b666248}: javax/enterprise/inject/Typed> (0x000000008b666248) 
thrown [s\open\src\hotspot\share\classfile\systemDictionary.cpp, line 245]

VM Operations (14 events):
Event: 0.127 Executing VM operation: HandshakeAllThreads
Event: 0.127 Executing VM operation: HandshakeAllThreads done
Event: 0.449 Executing VM operation: HandshakeAllThreads
Event: 0.449 Executing VM operation: HandshakeAllThreads done
Event: 0.474 Executing VM operation: HandshakeAllThreads
Event: 0.474 Executing VM operation: HandshakeAllThreads done
Event: 0.674 Executing VM operation: HandshakeAllThreads
Event: 0.674 Executing VM operation: HandshakeAllThreads done
Event: 0.770 Executing VM operation: HandshakeAllThreads
Event: 0.770 Executing VM operation: HandshakeAllThreads done
Event: 0.924 Executing VM operation: G1CollectForAllocation
Event: 0.934 Executing VM operation: G1CollectForAllocation done
Event: 1.279 Executing VM operation: G1CollectForAllocation
Event: 1.283 Executing VM operation: G1CollectForAllocation done

Events (20 events):
Event: 1.440 loading class jdk/internal/reflect/ByteVectorImpl
Event: 1.440 loading class jdk/internal/reflect/ByteVector
Event: 1.440 loading class jdk/internal/reflect/ByteVector done
Event: 1.440 loading class jdk/internal/reflect/ByteVectorImpl done
Event: 1.440 loading class jdk/internal/reflect/ClassFileAssembler
Event: 1.441 loading class jdk/internal/reflect/ClassFileAssembler done
Event: 1.441 loading class jdk/internal/reflect/UTF8
Event: 1.442 loading class jdk/internal/reflect/UTF8 done
Event: 1.443 loading class jdk/internal/reflect/Label
Event: 1.443 loading class jdk/internal/reflect/Label done
Event: 1.443 loading class jdk/internal/reflect/Label$PatchInfo
Event: 1.443 loading class jdk/internal/reflect/Label$PatchInfo done
Event: 1.443 loading class jdk/internal/reflect/MethodAccessorGenerator$1
Event: 1.443 loading class jdk/internal/reflect/MethodAccessorGenerator$1 done
Event: 1.443 loading class jdk/internal/reflect/ClassDefiner
Event: 1.443 loading class jdk/internal/reflect/ClassDefiner done
Event: 1.443 loading class jdk/internal/reflect/ClassDefiner$1
Event: 1.443 loading class jdk/internal/reflect/ClassDefiner$1 done
Event: 1.444 loading class jdk/internal/reflect/BootstrapConstructorAccessorImpl
Event: 1.444 loading class jdk/internal/reflect/BootstrapConstructorAccessorImpl done


Dynamic libraries:
0x00007ff64b310000 - 0x00007ff64b320000 	C:\Program Files\Java\jdk-17\bin\javaw.exe
0x00007ffe6c0b0000 - 0x00007ffe6c2c8000 	C:\WINDOWS\SYSTEM32\ntdll.dll
0x00007ffe6b280000 - 0x00007ffe6b344000 	C:\WINDOWS\System32\KERNEL32.DLL
0x00007ffe696c0000 - 0x00007ffe69a93000 	C:\WINDOWS\System32\KERNELBASE.dll
0x00007ffe69360000 - 0x00007ffe69471000 	C:\WINDOWS\System32\ucrtbase.dll
0x00007ffe5d5f0000 - 0x00007ffe5d609000 	C:\Program Files\Java\jdk-17\bin\jli.dll
0x00007ffe6ad10000 - 0x00007ffe6adc1000 	C:\WINDOWS\System32\ADVAPI32.dll
0x00007ffe6add0000 - 0x00007ffe6ae77000 	C:\WINDOWS\System32\msvcrt.dll
0x00007ffe6ba50000 - 0x00007ffe6baf8000 	C:\WINDOWS\System32\sechost.dll
0x00007ffe69690000 - 0x00007ffe696b8000 	C:\WINDOWS\System32\bcrypt.dll
0x00007ffe69d50000 - 0x00007ffe69e68000 	C:\WINDOWS\System32\RPCRT4.dll
0x00007ffe6b030000 - 0x00007ffe6b1e2000 	C:\WINDOWS\System32\USER32.dll
0x00007ffe69520000 - 0x00007ffe69546000 	C:\WINDOWS\System32\win32u.dll
0x00007ffe6abf0000 - 0x00007ffe6ac19000 	C:\WINDOWS\System32\GDI32.dll
0x00007ffe691c0000 - 0x00007ffe692db000 	C:\WINDOWS\System32\gdi32full.dll
0x00007ffe69480000 - 0x00007ffe6951a000 	C:\WINDOWS\System32\msvcp_win.dll
0x00007ffe5cda0000 - 0x00007ffe5cdbb000 	C:\Program Files\Java\jdk-17\bin\VCRUNTIME140.dll
0x00007ffe55100000 - 0x00007ffe5539c000 	C:\WINDOWS\WinSxS\amd64_microsoft.windows.common-controls_6595b64144ccf1df_6.0.22621.6060_none_2712eda17382d24b\COMCTL32.dll
0x00007ffe62990000 - 0x00007ffe6299a000 	C:\WINDOWS\SYSTEM32\VERSION.dll
0x00007ffe6b1f0000 - 0x00007ffe6b221000 	C:\WINDOWS\System32\IMM32.DLL
0x00007ffe5d840000 - 0x00007ffe5d84c000 	C:\Program Files\Java\jdk-17\bin\vcruntime140_1.dll
0x00007ffe168c0000 - 0x00007ffe1694e000 	C:\Program Files\Java\jdk-17\bin\msvcp140.dll
0x00007ffdb7af0000 - 0x00007ffdb86d0000 	C:\Program Files\Java\jdk-17\bin\server\jvm.dll
0x00007ffe6bbd0000 - 0x00007ffe6bbd8000 	C:\WINDOWS\System32\PSAPI.DLL
0x00007ffe62bc0000 - 0x00007ffe62bf4000 	C:\WINDOWS\SYSTEM32\WINMM.dll
0x00007ffe4fce0000 - 0x00007ffe4fce9000 	C:\WINDOWS\SYSTEM32\WSOCK32.dll
0x00007ffe6bbe0000 - 0x00007ffe6bc51000 	C:\WINDOWS\System32\WS2_32.dll
0x00007ffe68180000 - 0x00007ffe68198000 	C:\WINDOWS\SYSTEM32\kernel.appcore.dll
0x00007ffe5d700000 - 0x00007ffe5d70a000 	C:\Program Files\Java\jdk-17\bin\jimage.dll
0x00007ffe66c40000 - 0x00007ffe66e73000 	C:\WINDOWS\SYSTEM32\DBGHELP.DLL
0x00007ffe6bcc0000 - 0x00007ffe6c051000 	C:\WINDOWS\System32\combase.dll
0x00007ffe6a260000 - 0x00007ffe6a338000 	C:\WINDOWS\System32\OLEAUT32.dll
0x00007ffe4c9a0000 - 0x00007ffe4c9d2000 	C:\WINDOWS\SYSTEM32\dbgcore.DLL
0x00007ffe69610000 - 0x00007ffe6968b000 	C:\WINDOWS\System32\bcryptPrimitives.dll
0x00007ffe55790000 - 0x00007ffe557b5000 	C:\Program Files\Java\jdk-17\bin\java.dll
0x00007ffe059c0000 - 0x00007ffe05a97000 	C:\Program Files\Java\jdk-17\bin\jsvml.dll
0x00007ffe6a350000 - 0x00007ffe6abec000 	C:\WINDOWS\System32\SHELL32.dll
0x00007ffe69c10000 - 0x00007ffe69d4f000 	C:\WINDOWS\System32\wintypes.dll
0x00007ffe67070000 - 0x00007ffe6798a000 	C:\WINDOWS\SYSTEM32\windows.storage.dll
0x00007ffe69e70000 - 0x00007ffe69f74000 	C:\WINDOWS\System32\SHCORE.dll
0x00007ffe6b9e0000 - 0x00007ffe6ba49000 	C:\WINDOWS\System32\shlwapi.dll
0x00007ffe690f0000 - 0x00007ffe69115000 	C:\WINDOWS\SYSTEM32\profapi.dll
0x00007ffe16c20000 - 0x00007ffe16c39000 	C:\Program Files\Java\jdk-17\bin\net.dll
0x00007ffe65960000 - 0x00007ffe65a8c000 	C:\WINDOWS\SYSTEM32\WINHTTP.dll
0x00007ffe68680000 - 0x00007ffe686e9000 	C:\WINDOWS\system32\mswsock.dll
0x00007ffe16c00000 - 0x00007ffe16c16000 	C:\Program Files\Java\jdk-17\bin\nio.dll
0x00007ffe169d0000 - 0x00007ffe169e8000 	C:\Program Files\Java\jdk-17\bin\zip.dll
0x00007ffe169a0000 - 0x00007ffe169c4000 	C:\Users\91630\AppData\Local\Temp\jansi-2.4.1-1f86342af4cc3a55-jansi.dll

dbghelp: loaded successfully - version: 4.0.5 - missing functions: none
symbol engine: initialized successfully - sym options: 0x614 - pdb path: .;C:\Program Files\Java\jdk-17\bin;C:\WINDOWS\SYSTEM32;C:\WINDOWS\WinSxS\amd64_microsoft.windows.common-controls_6595b64144ccf1df_6.0.22621.6060_none_2712eda17382d24b;C:\Program Files\Java\jdk-17\bin\server;C:\Users\91630\AppData\Local\Temp

VM Arguments:
jvm_args: -Dmaven.home=EMBEDDED -Dclassworlds.conf=C:\Users\91630\Downloads\Music-Project\.metadata\.plugins\org.eclipse.m2e.launching\launches\m2conf14789431556072292855.tmp -Dmaven.multiModuleProjectDirectory=C:\Users\91630\Downloads\Music-Project\MyMusic -Dm2e.build.project.data.socket.port=50195 -Dfile.encoding=UTF-8 -Dstdout.encoding=UTF-8 -Dstderr.encoding=UTF-8 -XX:+ShowCodeDetailsInExceptionMessages 
java_command: org.codehaus.plexus.classworlds.launcher.Launcher -Ppom.xml -B -Dstyle.color=always clean
java_class_path (initial): C:\Users\91630\Desktop\sts-4.23.1.RELEASE\plugins\org.eclipse.m2e.maven.runtime_3.9.700.20240602-2313\jars\plexus-classworlds-2.8.0.jar
Launcher Type: SUN_STANDARD

[Global flags]
     intx CICompilerCount                          = 3                                         {product} {ergonomic}
     uint ConcGCThreads                            = 1                                         {product} {ergonomic}
     uint G1ConcRefinementThreads                  = 4                                         {product} {ergonomic}
   size_t G1HeapRegionSize                         = 1048576                                   {product} {ergonomic}
    uintx GCDrainStackTargetSize                   = 64                                        {product} {ergonomic}
   size_t InitialHeapSize                          = 130023424                                 {product} {ergonomic}
   size_t MarkStackSize                            = 4194304                                   {product} {ergonomic}
   size_t MaxHeapSize                              = 2078277632                                {product} {ergonomic}
   size_t MaxNewSize                               = 1246756864                                {product} {ergonomic}
   size_t MinHeapDeltaBytes                        = 1048576                                   {product} {ergonomic}
   size_t MinHeapSize                              = 8388608                                   {product} {ergonomic}
    uintx NonNMethodCodeHeapSize                   = 5832780                                {pd product} {ergonomic}
    uintx NonProfiledCodeHeapSize                  = 122912730                              {pd product} {ergonomic}
    uintx ProfiledCodeHeapSize                     = 122912730                              {pd product} {ergonomic}
    uintx ReservedCodeCacheSize                    = 251658240                              {pd product} {ergonomic}
     bool SegmentedCodeCache                       = true                                      {product} {ergonomic}
     bool ShowCodeDetailsInExceptionMessages       = true                                   {manageable} {command line}
   size_t SoftMaxHeapSize                          = 2078277632                             {manageable} {ergonomic}
     bool UseCompressedClassPointers               = true                           {product lp64_product} {ergonomic}
     bool UseCompressedOops                        = true                           {product lp64_product} {ergonomic}
     bool UseG1GC                                  = true                                      {product} {ergonomic}
     bool UseLargePagesIndividualAllocation        = false                                  {pd product} {ergonomic}

Logging:
Log output configuration:
 #0: stdout all=warning uptime,level,tags
 #1: stderr all=off uptime,level,tags

Environment Variables:
JAVA_HOME=C:\Program Files\Java\jdk-17
PATH=C:/Users/91630/Desktop/sts-4.23.1.RELEASE//plugins/org.eclipse.justj.openjdk.hotspot.jre.full.win32.x86_64_21.0.3.v20240426-1530/jre/bin/server;C:/Users/91630/Desktop/sts-4.23.1.RELEASE//plugins/org.eclipse.justj.openjdk.hotspot.jre.full.win32.x86_64_21.0.3.v20240426-1530/jre/bin;C:\Program Files\Common Files\Oracle\Java\javapath;C:\Program Files\Java\jdk1.8.0_151\bin\bin;C:\Program Files\dotnet\;C:\WINDOWS\system32;C:\WINDOWS;C:\WINDOWS\System32\Wbem;C:\WINDOWS\System32\WindowsPowerShell\v1.0\;C:\WINDOWS\System32\OpenSSH\;C:\Program Files (x86)\Windows Kits\10\Windows Performance Toolkit\;C:\Program Files\PuTTY\;C:\Program Files\Git\cmd;C:\Program Files\nodejs\;C:\Program Files\MySQL\MySQL Shell 8.0\bin\;C:\Users\91630\AppData\Local\Microsoft\WindowsApps;C:\Program Files\Java\jdk1.8.0_151\bin;C:\Users\91630\AppData\Local\Programs\Microsoft VS Code\bin;C:\Users\91630\AppData\Roaming\npm;C:\Program Files\apache-maven-3.9.11\bin;C:\Program Files\Java\jdk-17\bin;C:\Progra~1\Java\jdk-17.0.12\bin;C:\Program Files\Common Files\Oracle\Java\javapath;C:\Program Files\dotnet\;C:\WINDOWS\system32;C:\WINDOWS;C:\WINDOWS\System32\Wbem;C:\WINDOWS\System32\WindowsPowerShell\v1.0\;C:\WINDOWS\System32\OpenSSH\;C:\Program Files (x86)\Windows Kits\10\Windows Performance Toolkit\;C:\Program Files\PuTTY\;C:\Program Files\Git\cmd;C:\Program Files\nodejs\;C:\Program Files\MySQL\MySQL Shell 8.0\bin\;C:\Users\91630\AppData\Local\Microsoft\WindowsApps;C:\Program Files\Java\jdk-17.0.12;C:\Users\91630\AppData\Roaming\npm;C:\Program Files\apache-maven-3.9.11\bin;C:\Users\91630\AppData\Local\Programs\Microsoft VS Code\bin;;C:\Users\91630\Desktop\sts-4.23.1.RELEASE;
USERNAME=91630
OS=Windows_NT
PROCESSOR_IDENTIFIER=Intel64 Family 6 Model 140 Stepping 1, GenuineIntel



---------------  S Y S T E M  ---------------

OS:
 Windows 11 , 64 bit Build 22621 (10.0.22621.5415)
OS uptime: 1 days 1:03 hours
Hyper-V role detected

CPU: total 4 (initial active 4) (2 cores per cpu, 2 threads per core) family 6 model 140 stepping 1 microcode 0xbe, cx8, cmov, fxsr, ht, mmx, 3dnowpref, sse, sse2, sse3, ssse3, sse4.1, sse4.2, popcnt, lzcnt, tsc, tscinvbit, avx, avx2, aes, erms, clmul, bmi1, bmi2, adx, avx512f, avx512dq, avx512cd, avx512bw, avx512vl, sha, fma, vzeroupper, avx512_vpopcntdq, avx512_vpclmulqdq, avx512_vaes, avx512_vnni, clflush, clflushopt, clwb, avx512_vbmi2, avx512_vbmi, hv

Memory: 4k page, system-wide physical 7926M (300M free)
TotalPageFile size 16118M (AvailPageFile size 3M)
current process WorkingSet (physical memory assigned to process): 75M, peak: 75M
current process commit charge ("private bytes"): 216M, peak: 216M

vm_info: Java HotSpot(TM) 64-Bit Server VM (17.0.12+8-LTS-286) for windows-amd64 JRE (17.0.12+8-LTS-286), built on Jun  5 2024 06:46:59 by "mach5one" with MS VC++ 17.6 (VS2022)

END.
